<?xml version="1.0" encoding="UTF-8"?>
<testsuite name="CalculatorTest" tests="5" skipped="0" failures="0" errors="0" timestamp="2023-05-22T19:00:10" hostname="LAPTOP-CAN808QH" time="0.084">
  <properties/>
  <testcase name="[1] 10, 2, 5" classname="CalculatorTest" time="0.064"/>
  <testcase name="[2] 10, 4, 2.5" classname="CalculatorTest" time="0.002"/>
  <testcase name="[3] 12.5, 5, 2.5" classname="CalculatorTest" time="0.002"/>
  <testcase name="[4] 10, 2.5, 4" classname="CalculatorTest" time="0.001"/>
  <testcase name="[5] 12.5, 2.5, 5" classname="CalculatorTest" time="0.002"/>
  <system-out><![CDATA[]]></system-out>
  <system-err><![CDATA[]]></system-err>
</testsuite>
